<?xml version="1.0" encoding="UTF-8"?>
<!-- Generated by org.testng.reporters.JUnitXMLReporter -->
<testsuite ignored="0" hostname="LTIN274679" failures="0" tests="1" name="Default test(failed)" time="0.155" errors="0" timestamp="2024-02-05T22:04:20 IST">
  <testcase classname="testBase.baseClass" name="@BeforeClass setup" time="-1.707150860088E9">
    <failure type="org.testng.TestNGException" message="
Parameter &amp;apos;os&amp;apos; is required by BeforeClass on method setup but has not been marked @Optional or defined
in C:\Users\2303764\eclipse-workspace\new_featured_news\test-output\testng-failed.xml">
      <![CDATA[org.testng.TestNGException: 
Parameter 'os' is required by BeforeClass on method setup but has not been marked @Optional or defined
in C:\Users\2303764\eclipse-workspace\new_featured_news\test-output\testng-failed.xml
at java.base/java.util.ArrayList.forEach(ArrayList.java:1511)
... Removed 22 stack frames]]>
    </failure>
  </testcase> <!-- @BeforeClass setup -->
  <testcase classname="testBase.baseClass" name="@AfterClass tearDown" time="-1.707150860177E9">
    <skipped/>
  </testcase> <!-- @AfterClass tearDown -->
  <testcase classname="testcases.TC_001" name="Verify_account_details" time="0.0">
    <skipped/>
  </testcase> <!-- Verify_account_details -->
</testsuite> <!-- Default test(failed) -->
