<?xml version="1.0" encoding="UTF-8"?>
<!-- Generated by org.testng.reporters.JUnitXMLReporter -->
<testsuite ignored="0" hostname="LTIN274679" failures="1" tests="1" name="chromeTest" time="95.912" errors="0" timestamp="2024-02-06T22:32:15 IST">
  <testcase classname="testcases.TC_001" name="Verify_account_details" time="0.19">
    <failure type="java.lang.AssertionError" message="The following asserts failed:
	null">
      <![CDATA[java.lang.AssertionError: The following asserts failed:
null
at testcases.TC_001.Verify_account_details(TC_001.java:65)
at java.base/java.util.ArrayList.forEach(ArrayList.java:1511)
... Removed 33 stack frames]]>
    </failure>
  </testcase> <!-- Verify_account_details -->
</testsuite> <!-- chromeTest -->
